<?xml version="1.0" encoding="UTF-8"?>
<testsuite name="agh.ii.prinjava.lab00.lst00_01.CalcTest" tests="1" skipped="0" failures="0" errors="0" timestamp="2021-10-15T11:05:45" hostname="LAPTOP-THN4URQ7" time="0.033">
  <properties/>
  <testcase name="onePlusTwoIsThree()" classname="agh.ii.prinjava.lab00.lst00_01.CalcTest" time="0.033"/>
  <system-out><![CDATA[CalcTest.setUp...
CalcTest.tearDown...
]]></system-out>
  <system-err><![CDATA[]]></system-err>
</testsuite>
